06-Sep-2023 06:52:29.903 정보 [main] org.apache.catalina.startup.VersionLoggerListener.log 서버 버전 이름:    Apache Tomcat/10.1.13
06-Sep-2023 06:52:29.905 정보 [main] org.apache.catalina.startup.VersionLoggerListener.log Server 빌드 시각:  Aug 23 2023 21:34:59 UTC
06-Sep-2023 06:52:29.905 정보 [main] org.apache.catalina.startup.VersionLoggerListener.log Server 버전 번호:  10.1.13.0
06-Sep-2023 06:52:29.905 정보 [main] org.apache.catalina.startup.VersionLoggerListener.log 운영체제 이름:     Mac OS X
06-Sep-2023 06:52:29.905 정보 [main] org.apache.catalina.startup.VersionLoggerListener.log 운영체제 버전:     13.5
06-Sep-2023 06:52:29.905 정보 [main] org.apache.catalina.startup.VersionLoggerListener.log 아키텍처:          aarch64
06-Sep-2023 06:52:29.905 정보 [main] org.apache.catalina.startup.VersionLoggerListener.log 자바 홈:           /Users/minhyeok/Library/Java/JavaVirtualMachines/corretto-19.0.2/Contents/Home
06-Sep-2023 06:52:29.905 정보 [main] org.apache.catalina.startup.VersionLoggerListener.log JVM 버전:          19.0.2+7-FR
06-Sep-2023 06:52:29.905 정보 [main] org.apache.catalina.startup.VersionLoggerListener.log JVM 벤더:          Amazon.com Inc.
06-Sep-2023 06:52:29.906 정보 [main] org.apache.catalina.startup.VersionLoggerListener.log CATALINA_BASE:     /Users/minhyeok/Desktop/SpringStudy/스프링 부트 - 핵심 원리와 활용/tool/apache-tomcat-10.1.13
06-Sep-2023 06:52:29.906 정보 [main] org.apache.catalina.startup.VersionLoggerListener.log CATALINA_HOME:     /Users/minhyeok/Desktop/SpringStudy/스프링 부트 - 핵심 원리와 활용/tool/apache-tomcat-10.1.13
06-Sep-2023 06:52:29.910 정보 [main] org.apache.catalina.startup.VersionLoggerListener.log 명령 행 아규먼트:  -Djava.util.logging.config.file=/Users/minhyeok/Desktop/SpringStudy/스프링 부트 - 핵심 원리와 활용/tool/apache-tomcat-10.1.13/conf/logging.properties
06-Sep-2023 06:52:29.910 정보 [main] org.apache.catalina.startup.VersionLoggerListener.log 명령 행 아규먼트:  -Djava.util.logging.manager=org.apache.juli.ClassLoaderLogManager
06-Sep-2023 06:52:29.910 정보 [main] org.apache.catalina.startup.VersionLoggerListener.log 명령 행 아규먼트:  -Djdk.tls.ephemeralDHKeySize=2048
06-Sep-2023 06:52:29.910 정보 [main] org.apache.catalina.startup.VersionLoggerListener.log 명령 행 아규먼트:  -Djava.protocol.handler.pkgs=org.apache.catalina.webresources
06-Sep-2023 06:52:29.910 정보 [main] org.apache.catalina.startup.VersionLoggerListener.log 명령 행 아규먼트:  -Dorg.apache.catalina.security.SecurityListener.UMASK=0027
06-Sep-2023 06:52:29.910 정보 [main] org.apache.catalina.startup.VersionLoggerListener.log 명령 행 아규먼트:  --add-opens=java.base/java.lang=ALL-UNNAMED
06-Sep-2023 06:52:29.910 정보 [main] org.apache.catalina.startup.VersionLoggerListener.log 명령 행 아규먼트:  --add-opens=java.base/java.io=ALL-UNNAMED
06-Sep-2023 06:52:29.910 정보 [main] org.apache.catalina.startup.VersionLoggerListener.log 명령 행 아규먼트:  --add-opens=java.base/java.util=ALL-UNNAMED
06-Sep-2023 06:52:29.910 정보 [main] org.apache.catalina.startup.VersionLoggerListener.log 명령 행 아규먼트:  --add-opens=java.base/java.util.concurrent=ALL-UNNAMED
06-Sep-2023 06:52:29.911 정보 [main] org.apache.catalina.startup.VersionLoggerListener.log 명령 행 아규먼트:  --add-opens=java.rmi/sun.rmi.transport=ALL-UNNAMED
06-Sep-2023 06:52:29.911 정보 [main] org.apache.catalina.startup.VersionLoggerListener.log 명령 행 아규먼트:  -Dcatalina.base=/Users/minhyeok/Desktop/SpringStudy/스프링 부트 - 핵심 원리와 활용/tool/apache-tomcat-10.1.13
06-Sep-2023 06:52:29.911 정보 [main] org.apache.catalina.startup.VersionLoggerListener.log 명령 행 아규먼트:  -Dcatalina.home=/Users/minhyeok/Desktop/SpringStudy/스프링 부트 - 핵심 원리와 활용/tool/apache-tomcat-10.1.13
06-Sep-2023 06:52:29.911 정보 [main] org.apache.catalina.startup.VersionLoggerListener.log 명령 행 아규먼트:  -Djava.io.tmpdir=/Users/minhyeok/Desktop/SpringStudy/스프링 부트 - 핵심 원리와 활용/tool/apache-tomcat-10.1.13/temp
06-Sep-2023 06:52:29.919 정보 [main] org.apache.catalina.core.AprLifecycleListener.lifecycleEvent 프로덕션 환경들에서 최적의 성능을 제공하는, APR 기반 Apache Tomcat Native 라이브러리가, 다음 java.library.path에서 발견되지 않습니다: [/Users/minhyeok/Library/Java/Extensions:/Library/Java/Extensions:/Network/Library/Java/Extensions:/System/Library/Java/Extensions:/usr/lib/java:.]
06-Sep-2023 06:52:30.072 정보 [main] org.apache.coyote.AbstractProtocol.init 프로토콜 핸들러 ["http-nio-8080"]을(를) 초기화합니다.
06-Sep-2023 06:52:30.082 정보 [main] org.apache.catalina.startup.Catalina.load [270] 밀리초 내에 서버가 초기화되었습니다.
06-Sep-2023 06:52:30.102 정보 [main] org.apache.catalina.core.StandardService.startInternal 서비스 [Catalina]을(를) 시작합니다.
06-Sep-2023 06:52:30.102 정보 [main] org.apache.catalina.core.StandardEngine.startInternal 서버 엔진을 시작합니다: [Apache Tomcat/10.1.13]
06-Sep-2023 06:52:30.106 정보 [main] org.apache.catalina.startup.HostConfig.deployDirectory 웹 애플리케이션 디렉토리 [/Users/minhyeok/Desktop/SpringStudy/스프링 부트 - 핵심 원리와 활용/tool/apache-tomcat-10.1.13/webapps/docs]을(를) 배치합니다.
06-Sep-2023 06:52:30.247 정보 [main] org.apache.catalina.startup.HostConfig.deployDirectory 웹 애플리케이션 디렉토리 [/Users/minhyeok/Desktop/SpringStudy/스프링 부트 - 핵심 원리와 활용/tool/apache-tomcat-10.1.13/webapps/docs]에 대한 배치가 [139] 밀리초에 완료되었습니다.
06-Sep-2023 06:52:30.247 정보 [main] org.apache.catalina.startup.HostConfig.deployDirectory 웹 애플리케이션 디렉토리 [/Users/minhyeok/Desktop/SpringStudy/스프링 부트 - 핵심 원리와 활용/tool/apache-tomcat-10.1.13/webapps/manager]을(를) 배치합니다.
06-Sep-2023 06:52:30.267 정보 [main] org.apache.catalina.startup.HostConfig.deployDirectory 웹 애플리케이션 디렉토리 [/Users/minhyeok/Desktop/SpringStudy/스프링 부트 - 핵심 원리와 활용/tool/apache-tomcat-10.1.13/webapps/manager]에 대한 배치가 [20] 밀리초에 완료되었습니다.
06-Sep-2023 06:52:30.268 정보 [main] org.apache.catalina.startup.HostConfig.deployDirectory 웹 애플리케이션 디렉토리 [/Users/minhyeok/Desktop/SpringStudy/스프링 부트 - 핵심 원리와 활용/tool/apache-tomcat-10.1.13/webapps/examples]을(를) 배치합니다.
06-Sep-2023 06:52:30.388 정보 [main] org.apache.catalina.startup.HostConfig.deployDirectory 웹 애플리케이션 디렉토리 [/Users/minhyeok/Desktop/SpringStudy/스프링 부트 - 핵심 원리와 활용/tool/apache-tomcat-10.1.13/webapps/examples]에 대한 배치가 [120] 밀리초에 완료되었습니다.
06-Sep-2023 06:52:30.388 정보 [main] org.apache.catalina.startup.HostConfig.deployDirectory 웹 애플리케이션 디렉토리 [/Users/minhyeok/Desktop/SpringStudy/스프링 부트 - 핵심 원리와 활용/tool/apache-tomcat-10.1.13/webapps/ROOT]을(를) 배치합니다.
06-Sep-2023 06:52:30.398 정보 [main] org.apache.catalina.startup.HostConfig.deployDirectory 웹 애플리케이션 디렉토리 [/Users/minhyeok/Desktop/SpringStudy/스프링 부트 - 핵심 원리와 활용/tool/apache-tomcat-10.1.13/webapps/ROOT]에 대한 배치가 [10] 밀리초에 완료되었습니다.
06-Sep-2023 06:52:30.398 정보 [main] org.apache.catalina.startup.HostConfig.deployDirectory 웹 애플리케이션 디렉토리 [/Users/minhyeok/Desktop/SpringStudy/스프링 부트 - 핵심 원리와 활용/tool/apache-tomcat-10.1.13/webapps/host-manager]을(를) 배치합니다.
06-Sep-2023 06:52:30.408 정보 [main] org.apache.catalina.startup.HostConfig.deployDirectory 웹 애플리케이션 디렉토리 [/Users/minhyeok/Desktop/SpringStudy/스프링 부트 - 핵심 원리와 활용/tool/apache-tomcat-10.1.13/webapps/host-manager]에 대한 배치가 [10] 밀리초에 완료되었습니다.
06-Sep-2023 06:52:30.410 정보 [main] org.apache.coyote.AbstractProtocol.start 프로토콜 핸들러 ["http-nio-8080"]을(를) 시작합니다.
06-Sep-2023 06:52:30.414 정보 [main] org.apache.catalina.startup.Catalina.start 서버가 [331] 밀리초 내에 시작되었습니다.
06-Sep-2023 07:45:10.654 정보 [main] org.apache.catalina.core.StandardServer.await 셧다운 포트를 통해 유효한 셧다운 명령을 받았습니다. 서버 인스턴스를 중지시킵니다.
06-Sep-2023 07:45:10.655 정보 [main] org.apache.coyote.AbstractProtocol.pause 프로토콜 핸들러 ["http-nio-8080"]을(를) 일시 정지 중
06-Sep-2023 07:45:10.657 정보 [main] org.apache.catalina.core.StandardService.stopInternal 서비스 [Catalina]을(를) 중지시킵니다.
06-Sep-2023 07:45:10.668 정보 [main] org.apache.coyote.AbstractProtocol.stop 프로토콜 핸들러 ["http-nio-8080"]을(를) 중지시킵니다.
06-Sep-2023 07:45:10.670 정보 [main] org.apache.coyote.AbstractProtocol.destroy 프로토콜 핸들러 ["http-nio-8080"]을(를) 소멸시킵니다.
06-Sep-2023 07:47:41.585 정보 [main] org.apache.catalina.startup.VersionLoggerListener.log 서버 버전 이름:    Apache Tomcat/10.1.13
06-Sep-2023 07:47:41.587 정보 [main] org.apache.catalina.startup.VersionLoggerListener.log Server 빌드 시각:  Aug 23 2023 21:34:59 UTC
06-Sep-2023 07:47:41.587 정보 [main] org.apache.catalina.startup.VersionLoggerListener.log Server 버전 번호:  10.1.13.0
06-Sep-2023 07:47:41.587 정보 [main] org.apache.catalina.startup.VersionLoggerListener.log 운영체제 이름:     Mac OS X
06-Sep-2023 07:47:41.587 정보 [main] org.apache.catalina.startup.VersionLoggerListener.log 운영체제 버전:     13.5
06-Sep-2023 07:47:41.587 정보 [main] org.apache.catalina.startup.VersionLoggerListener.log 아키텍처:          aarch64
06-Sep-2023 07:47:41.587 정보 [main] org.apache.catalina.startup.VersionLoggerListener.log 자바 홈:           /Users/minhyeok/Library/Java/JavaVirtualMachines/corretto-19.0.2/Contents/Home
06-Sep-2023 07:47:41.587 정보 [main] org.apache.catalina.startup.VersionLoggerListener.log JVM 버전:          19.0.2+7-FR
06-Sep-2023 07:47:41.587 정보 [main] org.apache.catalina.startup.VersionLoggerListener.log JVM 벤더:          Amazon.com Inc.
06-Sep-2023 07:47:41.587 정보 [main] org.apache.catalina.startup.VersionLoggerListener.log CATALINA_BASE:     /Users/minhyeok/Desktop/SpringStudy/스프링 부트 - 핵심 원리와 활용/tool/apache-tomcat-10.1.13
06-Sep-2023 07:47:41.587 정보 [main] org.apache.catalina.startup.VersionLoggerListener.log CATALINA_HOME:     /Users/minhyeok/Desktop/SpringStudy/스프링 부트 - 핵심 원리와 활용/tool/apache-tomcat-10.1.13
06-Sep-2023 07:47:41.596 정보 [main] org.apache.catalina.startup.VersionLoggerListener.log 명령 행 아규먼트:  -Djava.util.logging.config.file=/Users/minhyeok/Desktop/SpringStudy/스프링 부트 - 핵심 원리와 활용/tool/apache-tomcat-10.1.13/conf/logging.properties
06-Sep-2023 07:47:41.596 정보 [main] org.apache.catalina.startup.VersionLoggerListener.log 명령 행 아규먼트:  -Djava.util.logging.manager=org.apache.juli.ClassLoaderLogManager
06-Sep-2023 07:47:41.596 정보 [main] org.apache.catalina.startup.VersionLoggerListener.log 명령 행 아규먼트:  -Djdk.tls.ephemeralDHKeySize=2048
06-Sep-2023 07:47:41.596 정보 [main] org.apache.catalina.startup.VersionLoggerListener.log 명령 행 아규먼트:  -Djava.protocol.handler.pkgs=org.apache.catalina.webresources
06-Sep-2023 07:47:41.597 정보 [main] org.apache.catalina.startup.VersionLoggerListener.log 명령 행 아규먼트:  -Dorg.apache.catalina.security.SecurityListener.UMASK=0027
06-Sep-2023 07:47:41.597 정보 [main] org.apache.catalina.startup.VersionLoggerListener.log 명령 행 아규먼트:  --add-opens=java.base/java.lang=ALL-UNNAMED
06-Sep-2023 07:47:41.597 정보 [main] org.apache.catalina.startup.VersionLoggerListener.log 명령 행 아규먼트:  --add-opens=java.base/java.io=ALL-UNNAMED
06-Sep-2023 07:47:41.597 정보 [main] org.apache.catalina.startup.VersionLoggerListener.log 명령 행 아규먼트:  --add-opens=java.base/java.util=ALL-UNNAMED
06-Sep-2023 07:47:41.597 정보 [main] org.apache.catalina.startup.VersionLoggerListener.log 명령 행 아규먼트:  --add-opens=java.base/java.util.concurrent=ALL-UNNAMED
06-Sep-2023 07:47:41.597 정보 [main] org.apache.catalina.startup.VersionLoggerListener.log 명령 행 아규먼트:  --add-opens=java.rmi/sun.rmi.transport=ALL-UNNAMED
06-Sep-2023 07:47:41.597 정보 [main] org.apache.catalina.startup.VersionLoggerListener.log 명령 행 아규먼트:  -Dcatalina.base=/Users/minhyeok/Desktop/SpringStudy/스프링 부트 - 핵심 원리와 활용/tool/apache-tomcat-10.1.13
06-Sep-2023 07:47:41.597 정보 [main] org.apache.catalina.startup.VersionLoggerListener.log 명령 행 아규먼트:  -Dcatalina.home=/Users/minhyeok/Desktop/SpringStudy/스프링 부트 - 핵심 원리와 활용/tool/apache-tomcat-10.1.13
06-Sep-2023 07:47:41.597 정보 [main] org.apache.catalina.startup.VersionLoggerListener.log 명령 행 아규먼트:  -Djava.io.tmpdir=/Users/minhyeok/Desktop/SpringStudy/스프링 부트 - 핵심 원리와 활용/tool/apache-tomcat-10.1.13/temp
06-Sep-2023 07:47:41.602 정보 [main] org.apache.catalina.core.AprLifecycleListener.lifecycleEvent 프로덕션 환경들에서 최적의 성능을 제공하는, APR 기반 Apache Tomcat Native 라이브러리가, 다음 java.library.path에서 발견되지 않습니다: [/Users/minhyeok/Library/Java/Extensions:/Library/Java/Extensions:/Network/Library/Java/Extensions:/System/Library/Java/Extensions:/usr/lib/java:.]
06-Sep-2023 07:47:41.755 정보 [main] org.apache.coyote.AbstractProtocol.init 프로토콜 핸들러 ["http-nio-8080"]을(를) 초기화합니다.
06-Sep-2023 07:47:41.767 정보 [main] org.apache.catalina.startup.Catalina.load [269] 밀리초 내에 서버가 초기화되었습니다.
06-Sep-2023 07:47:41.787 정보 [main] org.apache.catalina.core.StandardService.startInternal 서비스 [Catalina]을(를) 시작합니다.
06-Sep-2023 07:47:41.788 정보 [main] org.apache.catalina.core.StandardEngine.startInternal 서버 엔진을 시작합니다: [Apache Tomcat/10.1.13]
06-Sep-2023 07:47:41.797 정보 [main] org.apache.catalina.startup.HostConfig.deployWAR 웹 애플리케이션 아카이브 [/Users/minhyeok/Desktop/SpringStudy/스프링 부트 - 핵심 원리와 활용/tool/apache-tomcat-10.1.13/webapps/ROOT.war]을(를) 배치합니다.
06-Sep-2023 07:47:41.942 정보 [main] org.apache.jasper.servlet.TldScanner.scanJars 적어도 하나의 JAR가 TLD들을 찾기 위해 스캔되었으나 아무 것도 찾지 못했습니다. 스캔했으나 TLD가 없는 JAR들의 전체 목록을 보시려면, 로그 레벨을 디버그 레벨로 설정하십시오. 스캔 과정에서 불필요한 JAR들을 건너뛰면, 시스템 시작 시간과 JSP 컴파일 시간을 단축시킬 수 있습니다.
06-Sep-2023 07:47:41.959 정보 [main] org.apache.catalina.startup.HostConfig.deployWAR 웹 애플리케이션 아카이브 [/Users/minhyeok/Desktop/SpringStudy/스프링 부트 - 핵심 원리와 활용/tool/apache-tomcat-10.1.13/webapps/ROOT.war]의 배치가 [161] 밀리초에 완료되었습니다.
06-Sep-2023 07:47:41.960 정보 [main] org.apache.coyote.AbstractProtocol.start 프로토콜 핸들러 ["http-nio-8080"]을(를) 시작합니다.
06-Sep-2023 07:47:41.965 정보 [main] org.apache.catalina.startup.Catalina.start 서버가 [197] 밀리초 내에 시작되었습니다.
TestServlet.service
06-Sep-2023 07:55:16.533 정보 [main] org.apache.catalina.core.StandardServer.await 셧다운 포트를 통해 유효한 셧다운 명령을 받았습니다. 서버 인스턴스를 중지시킵니다.
06-Sep-2023 07:55:16.535 정보 [main] org.apache.coyote.AbstractProtocol.pause 프로토콜 핸들러 ["http-nio-8080"]을(를) 일시 정지 중
06-Sep-2023 07:55:16.537 정보 [main] org.apache.catalina.core.StandardService.stopInternal 서비스 [Catalina]을(를) 중지시킵니다.
06-Sep-2023 07:55:16.542 정보 [main] org.apache.coyote.AbstractProtocol.stop 프로토콜 핸들러 ["http-nio-8080"]을(를) 중지시킵니다.
06-Sep-2023 07:55:16.544 정보 [main] org.apache.coyote.AbstractProtocol.destroy 프로토콜 핸들러 ["http-nio-8080"]을(를) 소멸시킵니다.
